-------------------------------------------------------------------------------
Test set: BonusServiceTest
-------------------------------------------------------------------------------
Tests run: 4, Failures: 2, Errors: 0, Skipped: 0, Time elapsed: 0.479 s <<< FAILURE! - in BonusServiceTest
BonusServiceTest.shouldCalculateForRegisteredAndOverLimit  Time elapsed: 0.207 s  <<< FAILURE!
org.opentest4j.AssertionFailedError: expected: <500> but was: <300>
	at BonusServiceTest.shouldCalculateForRegisteredAndOverLimit(BonusServiceTest.java:18)

BonusServiceTest.shouldCalculateForNotRegisteredAndOverLimit  Time elapsed: 0.006 s  <<< FAILURE!
org.opentest4j.AssertionFailedError: expected: <500> but was: <100>
	at BonusServiceTest.shouldCalculateForNotRegisteredAndOverLimit(BonusServiceTest.java:64)

